生成启动时间为 2018/6/7 星期四 下午 6:04:34。
     1>项目“C:\Users\Administrator\Documents\Visual Studio 2013\Projects\Upan\Upan\Upan.vcxproj”在节点 2 上(Build 个目标)。
     1>ClCompile:
         I:\Program Files (x86)\Microsoft Visual Studio 12.0\VC\bin\CL.exe /c /Zi /nologo /W3 /WX- /O2 /Oi /Oy- /GL /D WIN32 /D NDEBUG /D _WINDOWS /D _UNICODE /D UNICODE /Gm- /EHsc /MD /GS /Gy /fp:precise /Zc:wchar_t /Zc:forScope /Fo"Release\\" /Fd"Release\vc120.pdb" /Gd /TP /analyze- /errorReport:prompt "源.cpp"
         源.cpp
     1>源.cpp(133): warning C4996: '_swprintf': This function or variable may be unsafe. Consider using _swprintf_s instead. To disable deprecation, use _CRT_SECURE_NO_WARNINGS. See online help for details.
                 I:\Program Files (x86)\Microsoft Visual Studio 12.0\VC\include\stdio.h(533) : 参见“_swprintf”的声明
     1>源.cpp(143): warning C4996: '_swprintf': This function or variable may be unsafe. Consider using _swprintf_s instead. To disable deprecation, use _CRT_SECURE_NO_WARNINGS. See online help for details.
                 I:\Program Files (x86)\Microsoft Visual Studio 12.0\VC\include\stdio.h(533) : 参见“_swprintf”的声明
     1>源.cpp(150): warning C4996: 'wcscpy': This function or variable may be unsafe. Consider using wcscpy_s instead. To disable deprecation, use _CRT_SECURE_NO_WARNINGS. See online help for details.
                 I:\Program Files (x86)\Microsoft Visual Studio 12.0\VC\include\string.h(294) : 参见“wcscpy”的声明
     1>源.cpp(151): warning C4996: 'wcscpy': This function or variable may be unsafe. Consider using wcscpy_s instead. To disable deprecation, use _CRT_SECURE_NO_WARNINGS. See online help for details.
                 I:\Program Files (x86)\Microsoft Visual Studio 12.0\VC\include\string.h(294) : 参见“wcscpy”的声明
     1>源.cpp(152): warning C4996: 'wcscat': This function or variable may be unsafe. Consider using wcscat_s instead. To disable deprecation, use _CRT_SECURE_NO_WARNINGS. See online help for details.
                 I:\Program Files (x86)\Microsoft Visual Studio 12.0\VC\include\string.h(284) : 参见“wcscat”的声明
     1>源.cpp(153): warning C4996: 'wcscat': This function or variable may be unsafe. Consider using wcscat_s instead. To disable deprecation, use _CRT_SECURE_NO_WARNINGS. See online help for details.
                 I:\Program Files (x86)\Microsoft Visual Studio 12.0\VC\include\string.h(284) : 参见“wcscat”的声明
     1>源.cpp(154): warning C4996: 'wcscat': This function or variable may be unsafe. Consider using wcscat_s instead. To disable deprecation, use _CRT_SECURE_NO_WARNINGS. See online help for details.
                 I:\Program Files (x86)\Microsoft Visual Studio 12.0\VC\include\string.h(284) : 参见“wcscat”的声明
     1>源.cpp(127): warning C4101: “_Data”: 未引用的局部变量
       Link:
         I:\Program Files (x86)\Microsoft Visual Studio 12.0\VC\bin\link.exe /ERRORREPORT:PROMPT /OUT:"C:\Users\Administrator\Documents\Visual Studio 2013\Projects\Upan\Release\Upan.exe" /INCREMENTAL:NO /NOLOGO kernel32.lib user32.lib gdi32.lib winspool.lib comdlg32.lib advapi32.lib shell32.lib ole32.lib oleaut32.lib uuid.lib odbc32.lib odbccp32.lib /MANIFEST /MANIFESTUAC:"level='asInvoker' uiAccess='false'" /manifest:embed /DEBUG /PDB:"C:\Users\Administrator\Documents\Visual Studio 2013\Projects\Upan\Release\Upan.pdb" /SUBSYSTEM:WINDOWS /OPT:REF /OPT:ICF /LTCG /TLBID:1 /DYNAMICBASE /NXCOMPAT /IMPLIB:"C:\Users\Administrator\Documents\Visual Studio 2013\Projects\Upan\Release\Upan.lib" /MACHINE:X86 /SAFESEH "Release\源.obj"
         正在生成代码
         已完成代码的生成
         Upan.vcxproj -> C:\Users\Administrator\Documents\Visual Studio 2013\Projects\Upan\Release\Upan.exe
     1>已完成生成项目“C:\Users\Administrator\Documents\Visual Studio 2013\Projects\Upan\Upan\Upan.vcxproj”(Build 个目标)的操作。

生成成功。

已用时间 00:00:01.66
